e:\3r cdi\xarxes\aa2_tcp_parchis\server\x64\release\vc143.pdb
e:\3r cdi\xarxes\aa2_tcp_parchis\server\x64\release\server.obj
e:\3r cdi\xarxes\aa2_tcp_parchis\server\x64\release\room.obj
e:\3r cdi\xarxes\aa2_tcp_parchis\server\x64\release\mainserver.obj
e:\3r cdi\xarxes\aa2_tcp_parchis\server\x64\release\databasemanager.obj
e:\3r cdi\xarxes\aa2_tcp_parchis\server\x64\release\client.obj
e:\3r cdi\xarxes\aa2_tcp_parchis\server\x64\release\bootstrapserver.obj
e:\3r cdi\xarxes\aa2_tcp_parchis\server\x64\release\blowfish.obj
e:\3r cdi\xarxes\aa2_tcp_parchis\server\x64\release\bcrypt.obj
e:\3r cdi\xarxes\aa2_tcp_parchis\x64\release\server.exe
e:\3r cdi\xarxes\aa2_tcp_parchis\x64\release\server.pdb
c:\users\nahue\desktop\clonerepositorygithub\aa2_tcp_parchis\x64\release\server.lib
c:\users\nahue\desktop\clonerepositorygithub\aa2_tcp_parchis\x64\release\server.exp
e:\3r cdi\xarxes\aa2_tcp_parchis\x64\release\server.lib
e:\3r cdi\xarxes\aa2_tcp_parchis\x64\release\server.exp
e:\3r cdi\xarxes\aa2_tcp_parchis\server\x64\release\server.ipdb
e:\3r cdi\xarxes\aa2_tcp_parchis\server\x64\release\server.iobj
e:\3r cdi\xarxes\aa2_tcp_parchis\server\x64\release\server.tlog\cl.command.1.tlog
e:\3r cdi\xarxes\aa2_tcp_parchis\server\x64\release\server.tlog\cl.items.tlog
e:\3r cdi\xarxes\aa2_tcp_parchis\server\x64\release\server.tlog\cl.read.1.tlog
e:\3r cdi\xarxes\aa2_tcp_parchis\server\x64\release\server.tlog\cl.write.1.tlog
e:\3r cdi\xarxes\aa2_tcp_parchis\server\x64\release\server.tlog\link.command.1.tlog
e:\3r cdi\xarxes\aa2_tcp_parchis\server\x64\release\server.tlog\link.read.1.tlog
e:\3r cdi\xarxes\aa2_tcp_parchis\server\x64\release\server.tlog\link.secondary.1.tlog
e:\3r cdi\xarxes\aa2_tcp_parchis\server\x64\release\server.tlog\link.write.1.tlog
e:\3r cdi\xarxes\aa2_tcp_parchis\server\x64\release\server.tlog\server.write.1u.tlog
