C:\Program Files\Microsoft Visual Studio\2022\Community\MSBuild\Microsoft\VC\v170\Microsoft.CppBuild.targets(534,5): warning MSB8028: The intermediate directory (x64\Release\) contains files shared from another project (AA2_TCP_Parchis.vcxproj).  This can lead to incorrect clean and rebuild behavior.
  bcrypt.cpp
E:\3r CDI\Xarxes\AA2_TCP_Parchis\Server\bcrypt.cpp(240,21): warning C4267: 'argument': conversion from 'size_t' to 'unsigned short', possible loss of data
E:\3r CDI\Xarxes\AA2_TCP_Parchis\Server\bcrypt.cpp(242,51): warning C4267: 'argument': conversion from 'size_t' to 'unsigned short', possible loss of data
  blowfish.cpp
  BootstrapServer.cpp
E:\3r CDI\Xarxes\AA2_TCP_Parchis\Dependencies\include\SFML\System\Exception.hpp(41,47): warning C4275: non dll-interface class 'std::runtime_error' used as base for dll-interface class 'sf::Exception'
  (compiling source file 'BootstrapServer.cpp')
      C:\Program Files\Microsoft Visual Studio\2022\Community\VC\Tools\MSVC\14.43.34808\include\stdexcept(100,19):
      see declaration of 'std::runtime_error'
      E:\3r CDI\Xarxes\AA2_TCP_Parchis\Dependencies\include\SFML\System\Exception.hpp(41,23):
      see declaration of 'sf::Exception'
  
E:\3r CDI\Xarxes\AA2_TCP_Parchis\Server\BootstrapServer.cpp(109,34): warning C4834: discarding return value of function with [[nodiscard]] attribute
E:\3r CDI\Xarxes\AA2_TCP_Parchis\Server\BootstrapServer.cpp(115,34): warning C4834: discarding return value of function with [[nodiscard]] attribute
E:\3r CDI\Xarxes\AA2_TCP_Parchis\Server\BootstrapServer.cpp(194,26): warning C4267: 'initializing': conversion from 'size_t' to 'int', possible loss of data
E:\3r CDI\Xarxes\AA2_TCP_Parchis\Server\BootstrapServer.cpp(214,34): warning C4834: discarding return value of function with [[nodiscard]] attribute
E:\3r CDI\Xarxes\AA2_TCP_Parchis\Server\BootstrapServer.cpp(227,46): warning C4834: discarding return value of function with [[nodiscard]] attribute
E:\3r CDI\Xarxes\AA2_TCP_Parchis\Server\BootstrapServer.cpp(232,24): warning C4267: 'initializing': conversion from 'size_t' to 'int', possible loss of data
E:\3r CDI\Xarxes\AA2_TCP_Parchis\Server\BootstrapServer.cpp(251,34): warning C4834: discarding return value of function with [[nodiscard]] attribute
E:\3r CDI\Xarxes\AA2_TCP_Parchis\Server\BootstrapServer.cpp(280,24): warning C4267: 'initializing': conversion from 'size_t' to 'int', possible loss of data
E:\3r CDI\Xarxes\AA2_TCP_Parchis\Server\BootstrapServer.cpp(284,42): warning C4834: discarding return value of function with [[nodiscard]] attribute
  Client.cpp
E:\3r CDI\Xarxes\AA2_TCP_Parchis\Dependencies\include\SFML\System\Exception.hpp(41,47): warning C4275: non dll-interface class 'std::runtime_error' used as base for dll-interface class 'sf::Exception'
  (compiling source file 'Client.cpp')
      C:\Program Files\Microsoft Visual Studio\2022\Community\VC\Tools\MSVC\14.43.34808\include\stdexcept(100,19):
      see declaration of 'std::runtime_error'
      E:\3r CDI\Xarxes\AA2_TCP_Parchis\Dependencies\include\SFML\System\Exception.hpp(41,23):
      see declaration of 'sf::Exception'
  
  DataBaseManager.cpp
  MainServer.cpp
E:\3r CDI\Xarxes\AA2_TCP_Parchis\Dependencies\include\SFML\System\Exception.hpp(41,47): warning C4275: non dll-interface class 'std::runtime_error' used as base for dll-interface class 'sf::Exception'
  (compiling source file 'MainServer.cpp')
      C:\Program Files\Microsoft Visual Studio\2022\Community\VC\Tools\MSVC\14.43.34808\include\stdexcept(100,19):
      see declaration of 'std::runtime_error'
      E:\3r CDI\Xarxes\AA2_TCP_Parchis\Dependencies\include\SFML\System\Exception.hpp(41,23):
      see declaration of 'sf::Exception'
  
  Room.cpp
E:\3r CDI\Xarxes\AA2_TCP_Parchis\Dependencies\include\SFML\System\Exception.hpp(41,47): warning C4275: non dll-interface class 'std::runtime_error' used as base for dll-interface class 'sf::Exception'
  (compiling source file 'Room.cpp')
      C:\Program Files\Microsoft Visual Studio\2022\Community\VC\Tools\MSVC\14.43.34808\include\stdexcept(100,19):
      see declaration of 'std::runtime_error'
      E:\3r CDI\Xarxes\AA2_TCP_Parchis\Dependencies\include\SFML\System\Exception.hpp(41,23):
      see declaration of 'sf::Exception'
  
  Server.cpp
E:\3r CDI\Xarxes\AA2_TCP_Parchis\Dependencies\include\SFML\System\Exception.hpp(41,47): warning C4275: non dll-interface class 'std::runtime_error' used as base for dll-interface class 'sf::Exception'
  (compiling source file 'Server.cpp')
      C:\Program Files\Microsoft Visual Studio\2022\Community\VC\Tools\MSVC\14.43.34808\include\stdexcept(100,19):
      see declaration of 'std::runtime_error'
      E:\3r CDI\Xarxes\AA2_TCP_Parchis\Dependencies\include\SFML\System\Exception.hpp(41,23):
      see declaration of 'sf::Exception'
  
E:\3r CDI\Xarxes\AA2_TCP_Parchis\Server\Server.cpp(72,38): warning C4834: discarding return value of function with [[nodiscard]] attribute
E:\3r CDI\Xarxes\AA2_TCP_Parchis\Server\Server.cpp(82,38): warning C4834: discarding return value of function with [[nodiscard]] attribute
E:\3r CDI\Xarxes\AA2_TCP_Parchis\Server\Server.cpp(88,38): warning C4834: discarding return value of function with [[nodiscard]] attribute
     Creating library E:\3r CDI\Xarxes\AA2_TCP_Parchis\x64\Release\Server.lib and object E:\3r CDI\Xarxes\AA2_TCP_Parchis\x64\Release\Server.exp
  Generating code
  Previous IPDB not found, fall back to full compilation.
  All 642 functions were compiled because no usable IPDB/IOBJ from previous compilation was found.
  Finished generating code
mysqlcppconn-static.lib(mysql_driver.obj) : warning LNK4099: PDB '' was not found with 'mysqlcppconn-static.lib(mysql_driver.obj)' or at ''; linking object as if no debug info
mysqlcppconn-static.lib(mysql_connection.obj) : warning LNK4099: PDB '' was not found with 'mysqlcppconn-static.lib(mysql_connection.obj)' or at ''; linking object as if no debug info
mysqlcppconn-static.lib(mysql_native_driver_wrapper.obj) : warning LNK4099: PDB '' was not found with 'mysqlcppconn-static.lib(mysql_native_driver_wrapper.obj)' or at ''; linking object as if no debug info
mysqlcppconn-static.lib(mysql_uri.obj) : warning LNK4099: PDB '' was not found with 'mysqlcppconn-static.lib(mysql_uri.obj)' or at ''; linking object as if no debug info
mysqlcppconn-static.lib(mysql_metadata.obj) : warning LNK4099: PDB '' was not found with 'mysqlcppconn-static.lib(mysql_metadata.obj)' or at ''; linking object as if no debug info
mysqlcppconn-static.lib(mysql_warning.obj) : warning LNK4099: PDB '' was not found with 'mysqlcppconn-static.lib(mysql_warning.obj)' or at ''; linking object as if no debug info
mysqlcppconn-static.lib(mysql_prepared_statement.obj) : warning LNK4099: PDB '' was not found with 'mysqlcppconn-static.lib(mysql_prepared_statement.obj)' or at ''; linking object as if no debug info
mysqlcppconn-static.lib(mysql_statement.obj) : warning LNK4099: PDB '' was not found with 'mysqlcppconn-static.lib(mysql_statement.obj)' or at ''; linking object as if no debug info
mysqlcppconn-static.lib(mysql_debug.obj) : warning LNK4099: PDB '' was not found with 'mysqlcppconn-static.lib(mysql_debug.obj)' or at ''; linking object as if no debug info
mysqlcppconn-static.lib(mysql_client_api.obj) : warning LNK4099: PDB '' was not found with 'mysqlcppconn-static.lib(mysql_client_api.obj)' or at ''; linking object as if no debug info
mysqlcppconn-static.lib(mysql_native_connection_wrapper.obj) : warning LNK4099: PDB '' was not found with 'mysqlcppconn-static.lib(mysql_native_connection_wrapper.obj)' or at ''; linking object as if no debug info
mysqlcppconn-static.lib(mysql_util.obj) : warning LNK4099: PDB '' was not found with 'mysqlcppconn-static.lib(mysql_util.obj)' or at ''; linking object as if no debug info
mysqlcppconn-static.lib(mysql_art_resultset.obj) : warning LNK4099: PDB '' was not found with 'mysqlcppconn-static.lib(mysql_art_resultset.obj)' or at ''; linking object as if no debug info
mysqlcppconn-static.lib(mysql_resultbind.obj) : warning LNK4099: PDB '' was not found with 'mysqlcppconn-static.lib(mysql_resultbind.obj)' or at ''; linking object as if no debug info
mysqlcppconn-static.lib(mysql_ps_resultset.obj) : warning LNK4099: PDB '' was not found with 'mysqlcppconn-static.lib(mysql_ps_resultset.obj)' or at ''; linking object as if no debug info
mysqlcppconn-static.lib(mysql_ps_resultset_metadata.obj) : warning LNK4099: PDB '' was not found with 'mysqlcppconn-static.lib(mysql_ps_resultset_metadata.obj)' or at ''; linking object as if no debug info
mysqlcppconn-static.lib(mysql_parameter_metadata.obj) : warning LNK4099: PDB '' was not found with 'mysqlcppconn-static.lib(mysql_parameter_metadata.obj)' or at ''; linking object as if no debug info
mysqlcppconn-static.lib(mysql_resultset.obj) : warning LNK4099: PDB '' was not found with 'mysqlcppconn-static.lib(mysql_resultset.obj)' or at ''; linking object as if no debug info
mysqlcppconn-static.lib(mysql_native_resultset_wrapper.obj) : warning LNK4099: PDB '' was not found with 'mysqlcppconn-static.lib(mysql_native_resultset_wrapper.obj)' or at ''; linking object as if no debug info
mysqlcppconn-static.lib(mysql_native_statement_wrapper.obj) : warning LNK4099: PDB '' was not found with 'mysqlcppconn-static.lib(mysql_native_statement_wrapper.obj)' or at ''; linking object as if no debug info
mysqlcppconn-static.lib(mysql_art_rset_metadata.obj) : warning LNK4099: PDB '' was not found with 'mysqlcppconn-static.lib(mysql_art_rset_metadata.obj)' or at ''; linking object as if no debug info
mysqlcppconn-static.lib(mysql_resultset_metadata.obj) : warning LNK4099: PDB '' was not found with 'mysqlcppconn-static.lib(mysql_resultset_metadata.obj)' or at ''; linking object as if no debug info
  Server.vcxproj -> E:\3r CDI\Xarxes\AA2_TCP_Parchis\x64\Release\Server.exe
