c:\users\nahue\desktop\clonerepositorygithub\aa2_tcp_parchis\x64\release\aa2_tcp_parchis.lib
c:\users\nahue\desktop\clonerepositorygithub\aa2_tcp_parchis\x64\release\aa2_tcp_parchis.exp
c:\users\nahue\desktop\clonerepositorygithub\aa2_tcp_parchis\aa2_tcp_parchis\x64\release\vc143.pdb
c:\users\nahue\desktop\clonerepositorygithub\aa2_tcp_parchis\aa2_tcp_parchis\x64\release\textfield.obj
c:\users\nahue\desktop\clonerepositorygithub\aa2_tcp_parchis\aa2_tcp_parchis\x64\release\spriterenderer.obj
c:\users\nahue\desktop\clonerepositorygithub\aa2_tcp_parchis\aa2_tcp_parchis\x64\release\server.obj
c:\users\nahue\desktop\clonerepositorygithub\aa2_tcp_parchis\aa2_tcp_parchis\x64\release\playercomponent.obj
c:\users\nahue\desktop\clonerepositorygithub\aa2_tcp_parchis\aa2_tcp_parchis\x64\release\menumanager.obj
c:\users\nahue\desktop\clonerepositorygithub\aa2_tcp_parchis\aa2_tcp_parchis\x64\release\menuinterface.obj
c:\users\nahue\desktop\clonerepositorygithub\aa2_tcp_parchis\aa2_tcp_parchis\x64\release\matchmanager.obj
c:\users\nahue\desktop\clonerepositorygithub\aa2_tcp_parchis\aa2_tcp_parchis\x64\release\main.obj
c:\users\nahue\desktop\clonerepositorygithub\aa2_tcp_parchis\aa2_tcp_parchis\x64\release\loginmenu.obj
c:\users\nahue\desktop\clonerepositorygithub\aa2_tcp_parchis\aa2_tcp_parchis\x64\release\gamerules.obj
c:\users\nahue\desktop\clonerepositorygithub\aa2_tcp_parchis\aa2_tcp_parchis\x64\release\gameobject.obj
c:\users\nahue\desktop\clonerepositorygithub\aa2_tcp_parchis\aa2_tcp_parchis\x64\release\gamemanager.obj
c:\users\nahue\desktop\clonerepositorygithub\aa2_tcp_parchis\aa2_tcp_parchis\x64\release\eventhandler.obj
c:\users\nahue\desktop\clonerepositorygithub\aa2_tcp_parchis\aa2_tcp_parchis\x64\release\databasemanager.obj
c:\users\nahue\desktop\clonerepositorygithub\aa2_tcp_parchis\aa2_tcp_parchis\x64\release\client.obj
c:\users\nahue\desktop\clonerepositorygithub\aa2_tcp_parchis\aa2_tcp_parchis\x64\release\button.obj
c:\users\nahue\desktop\clonerepositorygithub\aa2_tcp_parchis\aa2_tcp_parchis\x64\release\boardmanager.obj
c:\users\nahue\desktop\clonerepositorygithub\aa2_tcp_parchis\aa2_tcp_parchis\x64\release\blowfish.obj
c:\users\nahue\desktop\clonerepositorygithub\aa2_tcp_parchis\aa2_tcp_parchis\x64\release\bcrypt.obj
c:\users\nahue\desktop\clonerepositorygithub\aa2_tcp_parchis\aa2_tcp_parchis\x64\release\animatedsprite.obj
c:\users\nahue\desktop\clonerepositorygithub\aa2_tcp_parchis\aa2_tcp_parchis\x64\release\window.obj
c:\users\nahue\desktop\clonerepositorygithub\aa2_tcp_parchis\aa2_tcp_parchis\x64\release\transform.obj
c:\users\nahue\desktop\clonerepositorygithub\aa2_tcp_parchis\aa2_tcp_parchis\x64\release\tokencomponent.obj
c:\users\nahue\desktop\clonerepositorygithub\aa2_tcp_parchis\x64\release\aa2_tcp_parchis.exe
c:\users\nahue\desktop\clonerepositorygithub\aa2_tcp_parchis\aa2_tcp_parchis\x64\release\aa2_tcp_parchis.ipdb
c:\users\nahue\desktop\clonerepositorygithub\aa2_tcp_parchis\x64\release\aa2_tcp_parchis.pdb
c:\users\nahue\desktop\clonerepositorygithub\aa2_tcp_parchis\aa2_tcp_parchis\x64\release\aa2_tcp_parchis.iobj
c:\users\nahue\desktop\clonerepositorygithub\aa2_tcp_parchis\aa2_tcp_parchis\x64\release\aa2_tcp_parchis.tlog\aa2_tcp_parchis.write.1u.tlog
c:\users\nahue\desktop\clonerepositorygithub\aa2_tcp_parchis\aa2_tcp_parchis\x64\release\aa2_tcp_parchis.tlog\cl.command.1.tlog
c:\users\nahue\desktop\clonerepositorygithub\aa2_tcp_parchis\aa2_tcp_parchis\x64\release\aa2_tcp_parchis.tlog\cl.read.1.tlog
c:\users\nahue\desktop\clonerepositorygithub\aa2_tcp_parchis\aa2_tcp_parchis\x64\release\aa2_tcp_parchis.tlog\cl.write.1.tlog
c:\users\nahue\desktop\clonerepositorygithub\aa2_tcp_parchis\aa2_tcp_parchis\x64\release\aa2_tcp_parchis.tlog\link.command.1.tlog
c:\users\nahue\desktop\clonerepositorygithub\aa2_tcp_parchis\aa2_tcp_parchis\x64\release\aa2_tcp_parchis.tlog\link.read.1.tlog
c:\users\nahue\desktop\clonerepositorygithub\aa2_tcp_parchis\aa2_tcp_parchis\x64\release\aa2_tcp_parchis.tlog\link.write.1.tlog
