C:\Program Files\Microsoft Visual Studio\2022\Community\MSBuild\Microsoft\VC\v170\Microsoft.CppBuild.targets(534,5): warning MSB8028: The intermediate directory (x64\Release\) contains files shared from another project (AA2_TCP_Parchis.vcxproj).  This can lead to incorrect clean and rebuild behavior.
  ButtonComponent.cpp
C:\Users\nahue\Desktop\CloneRepositoryGitHub\AA2_TCP_Parchis\Dependencies\include\SFML\System\Exception.hpp(42,1): warning C4275: non dll-interface class 'std::runtime_error' used as base for dll-interface class 'sf::Exception'
C:\Program Files\Microsoft Visual Studio\2022\Community\VC\Tools\MSVC\14.33.31629\include\stdexcept(101): message : see declaration of 'std::runtime_error'
C:\Users\nahue\Desktop\CloneRepositoryGitHub\AA2_TCP_Parchis\Dependencies\include\SFML\System\Exception.hpp(41): message : see declaration of 'sf::Exception'
C:\Users\nahue\Desktop\CloneRepositoryGitHub\AA2_TCP_Parchis\Client\ButtonComponent.cpp(9,23): warning C4834: discarding return value of function with 'nodiscard' attribute
  EventHandler.cpp
C:\Users\nahue\Desktop\CloneRepositoryGitHub\AA2_TCP_Parchis\Dependencies\include\SFML\System\Exception.hpp(42,1): warning C4275: non dll-interface class 'std::runtime_error' used as base for dll-interface class 'sf::Exception'
C:\Program Files\Microsoft Visual Studio\2022\Community\VC\Tools\MSVC\14.33.31629\include\stdexcept(101): message : see declaration of 'std::runtime_error'
C:\Users\nahue\Desktop\CloneRepositoryGitHub\AA2_TCP_Parchis\Dependencies\include\SFML\System\Exception.hpp(41): message : see declaration of 'sf::Exception'
C:\Users\nahue\Desktop\CloneRepositoryGitHub\AA2_TCP_Parchis\Client\EventHandler.cpp(34,89): warning C4244: 'argument': conversion from 'const T' to 'T', possible loss of data
          with
          [
              T=int
          ]
          and
          [
              T=float
          ]
C:\Users\nahue\Desktop\CloneRepositoryGitHub\AA2_TCP_Parchis\Client\EventHandler.cpp(34,63): warning C4244: 'argument': conversion from 'const T' to 'T', possible loss of data
          with
          [
              T=int
          ]
          and
          [
              T=float
          ]
  GameManager.cpp
C:\Users\nahue\Desktop\CloneRepositoryGitHub\AA2_TCP_Parchis\Dependencies\include\SFML\System\Exception.hpp(42,1): warning C4275: non dll-interface class 'std::runtime_error' used as base for dll-interface class 'sf::Exception'
C:\Program Files\Microsoft Visual Studio\2022\Community\VC\Tools\MSVC\14.33.31629\include\stdexcept(101): message : see declaration of 'std::runtime_error'
C:\Users\nahue\Desktop\CloneRepositoryGitHub\AA2_TCP_Parchis\Dependencies\include\SFML\System\Exception.hpp(41): message : see declaration of 'sf::Exception'
C:\Users\nahue\Desktop\CloneRepositoryGitHub\AA2_TCP_Parchis\Client\GameManager.cpp(20,25): warning C4244: 'argument': conversion from 'time_t' to 'unsigned int', possible loss of data
  MainClient.cpp
C:\Users\nahue\Desktop\CloneRepositoryGitHub\AA2_TCP_Parchis\Dependencies\include\SFML\System\Exception.hpp(42,1): warning C4275: non dll-interface class 'std::runtime_error' used as base for dll-interface class 'sf::Exception'
C:\Program Files\Microsoft Visual Studio\2022\Community\VC\Tools\MSVC\14.33.31629\include\stdexcept(101): message : see declaration of 'std::runtime_error'
C:\Users\nahue\Desktop\CloneRepositoryGitHub\AA2_TCP_Parchis\Dependencies\include\SFML\System\Exception.hpp(41): message : see declaration of 'sf::Exception'
  TextFieldComponent.cpp
C:\Users\nahue\Desktop\CloneRepositoryGitHub\AA2_TCP_Parchis\Dependencies\include\SFML\System\Exception.hpp(42,1): warning C4275: non dll-interface class 'std::runtime_error' used as base for dll-interface class 'sf::Exception'
C:\Program Files\Microsoft Visual Studio\2022\Community\VC\Tools\MSVC\14.33.31629\include\stdexcept(101): message : see declaration of 'std::runtime_error'
C:\Users\nahue\Desktop\CloneRepositoryGitHub\AA2_TCP_Parchis\Dependencies\include\SFML\System\Exception.hpp(41): message : see declaration of 'sf::Exception'
C:\Users\nahue\Desktop\CloneRepositoryGitHub\AA2_TCP_Parchis\Client\TextFieldComponent.cpp(13,23): warning C4834: discarding return value of function with 'nodiscard' attribute
  Generating code
  0 of 872 functions ( 0.0%) were compiled, the rest were copied from previous compilation.
    0 functions were new in current compilation
    0 functions had inline decision re-evaluated but remain unchanged
  Finished generating code
  Client.vcxproj -> C:\Users\nahue\Desktop\CloneRepositoryGitHub\AA2_TCP_Parchis\x64\Release\Client.exe
