e:\3r cdi\xarxes\aa2_tcp_parchis\client\x64\release\vc143.pdb
e:\3r cdi\xarxes\aa2_tcp_parchis\client\x64\release\textfieldcomponent.obj
e:\3r cdi\xarxes\aa2_tcp_parchis\client\x64\release\spriterenderer.obj
e:\3r cdi\xarxes\aa2_tcp_parchis\client\x64\release\splashscreenmenu.obj
e:\3r cdi\xarxes\aa2_tcp_parchis\client\x64\release\playercomponent.obj
e:\3r cdi\xarxes\aa2_tcp_parchis\client\x64\release\matchmakingmenu.obj
e:\3r cdi\xarxes\aa2_tcp_parchis\client\x64\release\mainclient.obj
e:\3r cdi\xarxes\aa2_tcp_parchis\client\x64\release\loginmenu.obj
e:\3r cdi\xarxes\aa2_tcp_parchis\client\x64\release\gameplay.obj
e:\3r cdi\xarxes\aa2_tcp_parchis\client\x64\release\gameovermenu.obj
e:\3r cdi\xarxes\aa2_tcp_parchis\client\x64\release\gameobject.obj
e:\3r cdi\xarxes\aa2_tcp_parchis\client\x64\release\gamemanager.obj
e:\3r cdi\xarxes\aa2_tcp_parchis\client\x64\release\fontmanager.obj
e:\3r cdi\xarxes\aa2_tcp_parchis\client\x64\release\eventhandler.obj
e:\3r cdi\xarxes\aa2_tcp_parchis\client\x64\release\client.obj
e:\3r cdi\xarxes\aa2_tcp_parchis\client\x64\release\clickablecomponent.obj
e:\3r cdi\xarxes\aa2_tcp_parchis\client\x64\release\buttoncomponent.obj
e:\3r cdi\xarxes\aa2_tcp_parchis\client\x64\release\boardpositions.obj
e:\3r cdi\xarxes\aa2_tcp_parchis\client\x64\release\blowfish.obj
e:\3r cdi\xarxes\aa2_tcp_parchis\client\x64\release\bcrypt.obj
e:\3r cdi\xarxes\aa2_tcp_parchis\client\x64\release\animatedsprite.obj
e:\3r cdi\xarxes\aa2_tcp_parchis\client\x64\release\window.obj
e:\3r cdi\xarxes\aa2_tcp_parchis\client\x64\release\utils.obj
e:\3r cdi\xarxes\aa2_tcp_parchis\client\x64\release\transform.obj
e:\3r cdi\xarxes\aa2_tcp_parchis\client\x64\release\tokencomponent.obj
e:\3r cdi\xarxes\aa2_tcp_parchis\client\x64\release\token.obj
e:\3r cdi\xarxes\aa2_tcp_parchis\client\x64\release\client.res
e:\3r cdi\xarxes\aa2_tcp_parchis\client\x64\release\client.ipdb
e:\3r cdi\xarxes\aa2_tcp_parchis\client\x64\release\client.iobj
e:\3r cdi\xarxes\aa2_tcp_parchis\x64\release\client.pdb
e:\3r cdi\xarxes\aa2_tcp_parchis\client\x64\release\client.tlog\cl.command.1.tlog
e:\3r cdi\xarxes\aa2_tcp_parchis\client\x64\release\client.tlog\cl.items.tlog
e:\3r cdi\xarxes\aa2_tcp_parchis\client\x64\release\client.tlog\cl.read.1.tlog
e:\3r cdi\xarxes\aa2_tcp_parchis\client\x64\release\client.tlog\cl.write.1.tlog
e:\3r cdi\xarxes\aa2_tcp_parchis\client\x64\release\client.tlog\link.command.1.tlog
e:\3r cdi\xarxes\aa2_tcp_parchis\client\x64\release\client.tlog\link.read.1.tlog
e:\3r cdi\xarxes\aa2_tcp_parchis\client\x64\release\client.tlog\link.secondary.1.tlog
e:\3r cdi\xarxes\aa2_tcp_parchis\client\x64\release\client.tlog\link.write.1.tlog
e:\3r cdi\xarxes\aa2_tcp_parchis\client\x64\release\client.tlog\rc.command.1.tlog
e:\3r cdi\xarxes\aa2_tcp_parchis\client\x64\release\client.tlog\rc.read.1.tlog
e:\3r cdi\xarxes\aa2_tcp_parchis\client\x64\release\client.tlog\rc.write.1.tlog
